Base path: C:/Program Files/Unity/Editor/Data
Cmd: initializeCompiler
<<<<<<< HEAD
=======
Cmd: preprocess
  insize=2036 outsize=644 ok=1
Cmd: preprocess
  insize=2739 outsize=775 ok=1
Cmd: preprocess
  insize=2220 outsize=702 ok=1
Cmd: preprocess
  insize=1536 outsize=1683 ok=1
Cmd: preprocess
  insize=2398 outsize=778 ok=1
Cmd: preprocess
  insize=1721 outsize=1678 ok=1
Cmd: preprocess
  insize=1969 outsize=710 ok=1
Cmd: preprocess
  insize=1539 outsize=602 ok=1
Cmd: preprocess
  insize=2492 outsize=784 ok=1
Cmd: preprocess
  insize=1810 outsize=649 ok=1
>>>>>>> 3665c0939e5f5a9b60ce5a6c26ac91170dbb2fe5
