Base path: C:/Program Files (x86)/Unity/Editor/Data
Pipe name: \\.\pipe\UnityShaderCompiler-1-4964
Cmd: getPlatforms
Cmd: preprocess
  insize=1939 outsize=642 ok=1
Cmd: compileSnippet
  error: 2 plat 4 at (42): unrecognized identifier 'UNITY_VERTEX_INPUT_INSTANCE_ID'
  api=4 type=0 insize=1596 outsize=0 kw=DUMMY ok=0
Cmd: preprocess
  insize=2643 outsize=774 ok=1
Cmd: compileSnippet
  error: 2 plat 4 at (41): unrecognized identifier 'UNITY_VERTEX_INPUT_INSTANCE_ID'
  api=4 type=0 insize=2168 outsize=0 kw=DUMMY ok=0
Cmd: preprocess
  insize=2137 outsize=702 ok=1
Cmd: compileSnippet
  error: 2 plat 4 at (40): unrecognized identifier 'UNITY_VERTEX_INPUT_INSTANCE_ID'
  api=4 type=0 insize=1734 outsize=0 kw=DUMMY ok=0
Cmd: preprocess
  error: 2 plat 15 at (4): '_' already defined
  error: 1 plat 15 at (28): Unrecognized #pragma surface directive: keepalpha
  error: 1 plat 15 at (28): Unrecognized #pragma surface directive: nofog
  insize=1457 outsize=671 ok=0
Cmd: preprocess
  insize=2309 outsize=777 ok=1
Cmd: compileSnippet
  error: 2 plat 4 at (42): unrecognized identifier 'UNITY_VERTEX_INPUT_INSTANCE_ID'
  api=4 type=0 insize=1831 outsize=0 kw=DUMMY ok=0
Cmd: preprocess
  error: 2 plat 15 at (4): '_' already defined
  error: 1 plat 15 at (28): Unrecognized #pragma surface directive: keepalpha
  error: 1 plat 15 at (28): Unrecognized #pragma surface directive: nofog
  error: 2 plat 15 at (42): Syntax error
  insize=1638 outsize=681 ok=0
Cmd: preprocess
  insize=1892 outsize=711 ok=1
Cmd: compileSnippet
  api=4 type=0 insize=1480 outsize=1575 kw=DUMMY ok=1
Cmd: compileSnippet
  api=4 type=1 insize=1480 outsize=754 kw=DUMMY ok=1
Cmd: preprocess
  insize=1455 outsize=600 ok=1
Cmd: compileSnippet
  api=4 type=0 insize=1154 outsize=1575 kw=DUMMY ok=1
Cmd: compileSnippet
  api=4 type=1 insize=1154 outsize=917 kw=DUMMY ok=1
Cmd: preprocess
  insize=2400 outsize=783 ok=1
Cmd: compileSnippet
  api=4 type=0 insize=1916 outsize=1575 kw=DUMMY ok=1
Cmd: compileSnippet
  api=4 type=1 insize=1916 outsize=1185 kw=DUMMY ok=1
Cmd: preprocess
  insize=1717 outsize=648 ok=1
Cmd: compileSnippet
  api=4 type=0 insize=1368 outsize=1575 kw=DUMMY ok=1
Cmd: compileSnippet
  api=4 type=1 insize=1368 outsize=1185 kw=DUMMY ok=1
Unhandled exception: Readfile from pipe failed. GLE=O pipe foi finalizado.


Quitting shader compiler process
